<?xml version="1.0" encoding="UTF-8"?>
<!-- Generated by org.testng.reporters.JUnitReportReporter -->
<testsuite skipped="0" hostname="DESKTOP-CSFF3JV" name="com.ActTIme.Test.TC01" tests="1" failures="0" timestamp="28 May 2019 13:28:52 GMT" time="24.066" errors="0">
  <testcase name="ValidLoginLogout" time="24.066" classname="com.ActTIme.Test.TC01"/>
</testsuite> <!-- com.ActTIme.Test.TC01 -->
